[debug] [2024-06-08T09:37:40.659Z] ----------------------------------------------------------------------
[debug] [2024-06-08T09:37:40.665Z] Command:       C:\Program Files\nodejs\node.exe C:\Users\user\AppData\Roaming\npm\node_modules\firebase-tools\lib\bin\firebase.js init
[debug] [2024-06-08T09:37:40.665Z] CLI Version:   13.11.2
[debug] [2024-06-08T09:37:40.666Z] Platform:      win32
[debug] [2024-06-08T09:37:40.666Z] Node Version:  v20.11.1
[debug] [2024-06-08T09:37:40.666Z] Time:          Sat Jun 08 2024 11:37:40 GMT+0200 (South Africa Standard Time)
[debug] [2024-06-08T09:37:40.667Z] ----------------------------------------------------------------------
[debug] 
[debug] [2024-06-08T09:37:40.680Z] > command requires scopes: ["email","openid","https://www.googleapis.com/auth/cloudplatformprojects.readonly","https://www.googleapis.com/auth/firebase","https://www.googleapis.com/auth/cloud-platform"]
[debug] [2024-06-08T09:37:40.681Z] > authorizing via signed-in user (therollingcapstones423@gmail.com)
[info] 
     ######## #### ########  ######## ########     ###     ######  ########
     ##        ##  ##     ## ##       ##     ##  ##   ##  ##       ##
     ######    ##  ########  ######   ########  #########  ######  ######
     ##        ##  ##    ##  ##       ##     ## ##     ##       ## ##
     ##       #### ##     ## ######## ########  ##     ##  ######  ########

You're about to initialize a Firebase project in this directory:

  C:\Users\user\OneDrive\Documents\AAAA\AI-Trip-Creator\ai-trip-creator\src\firebase

[info] 
=== Project Setup
[info] 
[info] First, let's associate this project directory with a Firebase project.
[info] You can create multiple project aliases by running firebase use --add, 
[info] but for now we'll just set up a default project.
[info] 
[debug] [2024-06-08T09:38:25.027Z] > refreshing access token with scopes: []
[debug] [2024-06-08T09:38:25.031Z] >>> [apiv2][query] POST https://www.googleapis.com/oauth2/v3/token [none]
[debug] [2024-06-08T09:38:25.032Z] >>> [apiv2][body] POST https://www.googleapis.com/oauth2/v3/token [omitted]
[debug] [2024-06-08T09:38:29.118Z] <<< [apiv2][status] POST https://www.googleapis.com/oauth2/v3/token 200
[debug] [2024-06-08T09:38:29.119Z] <<< [apiv2][body] POST https://www.googleapis.com/oauth2/v3/token [omitted]
[debug] [2024-06-08T09:38:33.434Z] >>> [apiv2][query] GET https://firebase.googleapis.com/v1beta1/projects pageSize=100
[debug] [2024-06-08T09:38:34.372Z] <<< [apiv2][status] GET https://firebase.googleapis.com/v1beta1/projects 200
[debug] [2024-06-08T09:38:34.372Z] <<< [apiv2][body] GET https://firebase.googleapis.com/v1beta1/projects [omitted]
[info] i  Using project ai-trip-creator (AI-Trip-Creator) 
[info] 
=== Database Setup
[info] i  database: ensuring required API firebasedatabase.googleapis.com is enabled... 
[debug] [2024-06-08T09:38:34.811Z] >>> [apiv2][query] GET https://serviceusage.googleapis.com/v1/projects/ai-trip-creator/services/firebasedatabase.googleapis.com [none]
[debug] [2024-06-08T09:38:34.812Z] >>> [apiv2][(partial)header] GET https://serviceusage.googleapis.com/v1/projects/ai-trip-creator/services/firebasedatabase.googleapis.com x-goog-quota-user=projects/ai-trip-creator
[debug] [2024-06-08T09:38:38.108Z] <<< [apiv2][status] GET https://serviceusage.googleapis.com/v1/projects/ai-trip-creator/services/firebasedatabase.googleapis.com 200
[debug] [2024-06-08T09:38:38.109Z] <<< [apiv2][body] GET https://serviceusage.googleapis.com/v1/projects/ai-trip-creator/services/firebasedatabase.googleapis.com [omitted]
[info] +  database: required API firebasedatabase.googleapis.com is enabled 
[info] 
[debug] [2024-06-08T09:38:38.113Z] >>> [apiv2][query] GET https://firebasedatabase.googleapis.com/v1beta/projects/ai-trip-creator/locations/-/instances/ai-trip-creator-default-rtdb [none]
[debug] [2024-06-08T09:38:41.513Z] <<< [apiv2][status] GET https://firebasedatabase.googleapis.com/v1beta/projects/ai-trip-creator/locations/-/instances/ai-trip-creator-default-rtdb 200
[debug] [2024-06-08T09:38:41.514Z] <<< [apiv2][body] GET https://firebasedatabase.googleapis.com/v1beta/projects/ai-trip-creator/locations/-/instances/ai-trip-creator-default-rtdb {"name":"projects/300004223652/locations/us-central1/instances/ai-trip-creator-default-rtdb","project":"projects/300004223652","databaseUrl":"https://ai-trip-creator-default-rtdb.firebaseio.com","type":"DEFAULT_DATABASE","state":"ACTIVE"}
[info] 
[info] Firebase Realtime Database Security Rules allow you to define how your data should be
[info] structured and when your data can be read from and written to.
[info] 
[debug] [2024-06-08T09:38:44.979Z] >>> [apiv2][query] GET https://ai-trip-creator-default-rtdb.firebaseio.com/.settings/rules.json [none]
[debug] [2024-06-08T09:38:46.621Z] <<< [apiv2][status] GET https://ai-trip-creator-default-rtdb.firebaseio.com/.settings/rules.json 200
[debug] [2024-06-08T09:38:46.621Z] <<< [apiv2][body] GET https://ai-trip-creator-default-rtdb.firebaseio.com/.settings/rules.json [stream]
[info] +  Database Rules for ai-trip-creator-default-rtdb have been written to database.rules.json. 
[info] Future modifications to database.rules.json will update Realtime Database Security Rules when you run
[info] firebase deploy.
[info] 
=== Firestore Setup
[debug] [2024-06-08T09:38:46.631Z] >>> [apiv2][query] GET https://serviceusage.googleapis.com/v1/projects/ai-trip-creator/services/firestore.googleapis.com [none]
[debug] [2024-06-08T09:38:46.632Z] >>> [apiv2][(partial)header] GET https://serviceusage.googleapis.com/v1/projects/ai-trip-creator/services/firestore.googleapis.com x-goog-quota-user=projects/ai-trip-creator
[debug] [2024-06-08T09:38:49.063Z] <<< [apiv2][status] GET https://serviceusage.googleapis.com/v1/projects/ai-trip-creator/services/firestore.googleapis.com 200
[debug] [2024-06-08T09:38:49.064Z] <<< [apiv2][body] GET https://serviceusage.googleapis.com/v1/projects/ai-trip-creator/services/firestore.googleapis.com [omitted]
[debug] [2024-06-08T09:38:49.065Z] >>> [apiv2][query] GET https://firestore.googleapis.com/v1/projects/ai-trip-creator/databases/(default) [none]
[debug] [2024-06-08T09:38:51.368Z] <<< [apiv2][status] GET https://firestore.googleapis.com/v1/projects/ai-trip-creator/databases/(default) 200
[debug] [2024-06-08T09:38:51.369Z] <<< [apiv2][body] GET https://firestore.googleapis.com/v1/projects/ai-trip-creator/databases/(default) {"name":"projects/ai-trip-creator/databases/(default)","uid":"a10f1c41-800c-412e-aff7-a222fc5c2496","createTime":"2024-06-01T08:42:01.989911Z","updateTime":"2024-06-01T08:42:01.989911Z","locationId":"nam5","type":"FIRESTORE_NATIVE","concurrencyMode":"PESSIMISTIC","versionRetentionPeriod":"3600s","earliestVersionTime":"2024-06-08T08:38:50.760509Z","appEngineIntegrationMode":"DISABLED","keyPrefix":"s","pointInTimeRecoveryEnablement":"POINT_IN_TIME_RECOVERY_DISABLED","deleteProtectionState":"DELETE_PROTECTION_DISABLED","etag":"IP+rjPjay4YDMICOyK+LuoYD"}
[debug] [2024-06-08T09:38:51.369Z] database_type: FIRESTORE_NATIVE
[debug] [2024-06-08T09:38:51.370Z] > command requires scopes: ["email","openid","https://www.googleapis.com/auth/cloudplatformprojects.readonly","https://www.googleapis.com/auth/firebase","https://www.googleapis.com/auth/cloud-platform"]
[debug] [2024-06-08T09:38:51.371Z] > authorizing via signed-in user (therollingcapstones423@gmail.com)
[debug] [2024-06-08T09:38:51.371Z] [iam] checking project ai-trip-creator for permissions ["firebase.projects.get"]
[debug] [2024-06-08T09:38:51.373Z] >>> [apiv2][query] POST https://cloudresourcemanager.googleapis.com/v1/projects/ai-trip-creator:testIamPermissions [none]
[debug] [2024-06-08T09:38:51.374Z] >>> [apiv2][(partial)header] POST https://cloudresourcemanager.googleapis.com/v1/projects/ai-trip-creator:testIamPermissions x-goog-quota-user=projects/ai-trip-creator
[debug] [2024-06-08T09:38:51.374Z] >>> [apiv2][body] POST https://cloudresourcemanager.googleapis.com/v1/projects/ai-trip-creator:testIamPermissions {"permissions":["firebase.projects.get"]}
[debug] [2024-06-08T09:38:55.314Z] <<< [apiv2][status] POST https://cloudresourcemanager.googleapis.com/v1/projects/ai-trip-creator:testIamPermissions 200
[debug] [2024-06-08T09:38:55.314Z] <<< [apiv2][body] POST https://cloudresourcemanager.googleapis.com/v1/projects/ai-trip-creator:testIamPermissions {"permissions":["firebase.projects.get"]}
[info] 
[info] Firestore Security Rules allow you to define how and when to allow
[info] requests. You can keep these rules in your project directory
[info] and publish them with firebase deploy.
[info] 
[debug] [2024-06-08T09:39:06.535Z] >>> [apiv2][query] GET https://firebaserules.googleapis.com/v1/projects/ai-trip-creator/releases pageSize=10&pageToken=
[debug] [2024-06-08T09:39:09.408Z] <<< [apiv2][status] GET https://firebaserules.googleapis.com/v1/projects/ai-trip-creator/releases 200
[debug] [2024-06-08T09:39:09.409Z] <<< [apiv2][body] GET https://firebaserules.googleapis.com/v1/projects/ai-trip-creator/releases {"releases":[{"name":"projects/ai-trip-creator/releases/cloud.firestore","rulesetName":"projects/ai-trip-creator/rulesets/7cde7a75-3334-48ff-8c27-850ce46f1f5c","createTime":"2024-06-01T08:42:09.279780Z","updateTime":"2024-06-01T08:42:09.279780Z"}]}
[debug] [2024-06-08T09:39:09.410Z] Found ruleset: projects/ai-trip-creator/rulesets/7cde7a75-3334-48ff-8c27-850ce46f1f5c
[debug] [2024-06-08T09:39:09.411Z] >>> [apiv2][query] GET https://firebaserules.googleapis.com/v1/projects/ai-trip-creator/rulesets/7cde7a75-3334-48ff-8c27-850ce46f1f5c [none]
[debug] [2024-06-08T09:39:09.961Z] <<< [apiv2][status] GET https://firebaserules.googleapis.com/v1/projects/ai-trip-creator/rulesets/7cde7a75-3334-48ff-8c27-850ce46f1f5c 200
[debug] [2024-06-08T09:39:09.961Z] <<< [apiv2][body] GET https://firebaserules.googleapis.com/v1/projects/ai-trip-creator/rulesets/7cde7a75-3334-48ff-8c27-850ce46f1f5c [omitted]
[info] 
[info] Firestore indexes allow you to perform complex queries while
[info] maintaining performance that scales with the size of the result
[info] set. You can keep index definitions in your project directory
[info] and publish them with firebase deploy.
[info] 
[debug] [2024-06-08T09:39:16.529Z] >>> [apiv2][query] GET https://firestore.googleapis.com/v1/projects/ai-trip-creator/databases/(default)/collectionGroups/-/indexes [none]
[debug] [2024-06-08T09:39:16.534Z] >>> [apiv2][query] GET https://firestore.googleapis.com/v1/projects/ai-trip-creator/databases/(default)/collectionGroups/-/fields?filter=indexConfig.usesAncestorConfig=false OR ttlConfig:* [none]
[debug] [2024-06-08T09:39:19.247Z] <<< [apiv2][status] GET https://firestore.googleapis.com/v1/projects/ai-trip-creator/databases/(default)/collectionGroups/-/indexes 200
[debug] [2024-06-08T09:39:19.247Z] <<< [apiv2][body] GET https://firestore.googleapis.com/v1/projects/ai-trip-creator/databases/(default)/collectionGroups/-/indexes {}
[debug] [2024-06-08T09:39:20.704Z] <<< [apiv2][status] GET https://firestore.googleapis.com/v1/projects/ai-trip-creator/databases/(default)/collectionGroups/-/fields?filter=indexConfig.usesAncestorConfig=false OR ttlConfig:* 200
[debug] [2024-06-08T09:39:20.705Z] <<< [apiv2][body] GET https://firestore.googleapis.com/v1/projects/ai-trip-creator/databases/(default)/collectionGroups/-/fields?filter=indexConfig.usesAncestorConfig=false OR ttlConfig:* {"fields":[{"name":"projects/ai-trip-creator/databases/(default)/collectionGroups/__default__/fields/*","indexConfig":{"indexes":[{"queryScope":"COLLECTION","fields":[{"fieldPath":"*","order":"ASCENDING"}],"state":"READY"},{"queryScope":"COLLECTION","fields":[{"fieldPath":"*","order":"DESCENDING"}],"state":"READY"},{"queryScope":"COLLECTION","fields":[{"fieldPath":"*","arrayConfig":"CONTAINS"}],"state":"READY"}]}}]}
[info] 
=== Functions Setup
[debug] [2024-06-08T09:39:20.983Z] > command requires scopes: ["email","openid","https://www.googleapis.com/auth/cloudplatformprojects.readonly","https://www.googleapis.com/auth/firebase","https://www.googleapis.com/auth/cloud-platform"]
[debug] [2024-06-08T09:39:20.984Z] > authorizing via signed-in user (therollingcapstones423@gmail.com)
[debug] [2024-06-08T09:39:20.984Z] [iam] checking project ai-trip-creator for permissions ["firebase.projects.get"]
[debug] [2024-06-08T09:39:20.985Z] >>> [apiv2][query] POST https://cloudresourcemanager.googleapis.com/v1/projects/ai-trip-creator:testIamPermissions [none]
[debug] [2024-06-08T09:39:20.986Z] >>> [apiv2][(partial)header] POST https://cloudresourcemanager.googleapis.com/v1/projects/ai-trip-creator:testIamPermissions x-goog-quota-user=projects/ai-trip-creator
[debug] [2024-06-08T09:39:20.986Z] >>> [apiv2][body] POST https://cloudresourcemanager.googleapis.com/v1/projects/ai-trip-creator:testIamPermissions {"permissions":["firebase.projects.get"]}
[debug] [2024-06-08T09:39:22.802Z] <<< [apiv2][status] POST https://cloudresourcemanager.googleapis.com/v1/projects/ai-trip-creator:testIamPermissions 200
[debug] [2024-06-08T09:39:22.802Z] <<< [apiv2][body] POST https://cloudresourcemanager.googleapis.com/v1/projects/ai-trip-creator:testIamPermissions {"permissions":["firebase.projects.get"]}
[debug] [2024-06-08T09:39:22.803Z] >>> [apiv2][query] GET https://serviceusage.googleapis.com/v1/projects/ai-trip-creator/services/cloudfunctions.googleapis.com [none]
[debug] [2024-06-08T09:39:22.804Z] >>> [apiv2][(partial)header] GET https://serviceusage.googleapis.com/v1/projects/ai-trip-creator/services/cloudfunctions.googleapis.com x-goog-quota-user=projects/ai-trip-creator
[debug] [2024-06-08T09:39:22.812Z] >>> [apiv2][query] GET https://serviceusage.googleapis.com/v1/projects/ai-trip-creator/services/runtimeconfig.googleapis.com [none]
[debug] [2024-06-08T09:39:22.812Z] >>> [apiv2][(partial)header] GET https://serviceusage.googleapis.com/v1/projects/ai-trip-creator/services/runtimeconfig.googleapis.com x-goog-quota-user=projects/ai-trip-creator
[debug] [2024-06-08T09:39:24.961Z] <<< [apiv2][status] GET https://serviceusage.googleapis.com/v1/projects/ai-trip-creator/services/runtimeconfig.googleapis.com 200
[debug] [2024-06-08T09:39:24.961Z] <<< [apiv2][body] GET https://serviceusage.googleapis.com/v1/projects/ai-trip-creator/services/runtimeconfig.googleapis.com [omitted]
[debug] [2024-06-08T09:39:24.967Z] <<< [apiv2][status] GET https://serviceusage.googleapis.com/v1/projects/ai-trip-creator/services/cloudfunctions.googleapis.com 200
[debug] [2024-06-08T09:39:24.968Z] <<< [apiv2][body] GET https://serviceusage.googleapis.com/v1/projects/ai-trip-creator/services/cloudfunctions.googleapis.com [omitted]
[info] Let's create a new codebase for your functions.
[info] A directory corresponding to the codebase will be created in your project
[info] with sample code pre-configured.

[info] See https://firebase.google.com/docs/functions/organize-functions for
[info] more information on organizing your functions using codebases.

[info] Functions can be deployed with firebase deploy.

[info] +  Wrote functions/package.json 
[info] +  Wrote functions/.eslintrc.js 
[info] +  Wrote functions/index.js 
[info] +  Wrote functions/.gitignore 
[info] 
=== Hosting Setup
[debug] [2024-06-08T10:01:04.583Z] >>> [apiv2][query] GET https://firebase.googleapis.com/v1beta1/projects/ai-trip-creator [none]
[debug] [2024-06-08T10:01:06.335Z] <<< [apiv2][status] GET https://firebase.googleapis.com/v1beta1/projects/ai-trip-creator 200
[debug] [2024-06-08T10:01:06.335Z] <<< [apiv2][body] GET https://firebase.googleapis.com/v1beta1/projects/ai-trip-creator {"projectId":"ai-trip-creator","projectNumber":"300004223652","displayName":"AI-Trip-Creator","name":"projects/ai-trip-creator","resources":{"hostingSite":"ai-trip-creator","realtimeDatabaseInstance":"ai-trip-creator-default-rtdb"},"state":"ACTIVE","etag":"1_c1540cf8-87b5-49ac-83a0-9e061166ca0b"}
[info] 
[info] Your public directory is the folder (relative to your project directory) that
[info] will contain Hosting assets to be uploaded with firebase deploy. If you
[info] have a build process for your assets, use your build's output directory.
[info] 
